<?xml version="1.0" encoding="UTF-8"?>
<!-- Generated by org.testng.reporters.JUnitXMLReporter -->
<testsuite ignored="0" hostname="ArunMotoori" failures="2" tests="17" name="Surefire test" time="128.022" errors="0" timestamp="2025-02-01T20:05:06 IST">
  <testcase classname="tests.LoginTest" name="verifyLoggingIntoApplicationUsingValidCredentials" time="2.075"/>
  <testcase classname="tests.LoginTest" name="verifyLoggingIntoApplicationUsingValidCredentials" time="1.744"/>
  <testcase classname="tests.LoginTest" name="verifyLoggingIntoApplicationUsingValidCredentials" time="2.124"/>
  <testcase classname="tests.LoginTest" name="verifyLoggingIntoApplicationUsingValidCredentials" time="2.211"/>
  <testcase classname="tests.LoginTest" name="verifyLoggingIntoApplicationUsingValidCredentials" time="2.239"/>
  <testcase classname="tests.LoginTest" name="verifyLoggingIntoApplicationUsingInvalidCredentials" time="1.763"/>
  <testcase classname="tests.LoginTest" name="verifyLoggingIntoApplicationUsingInvalidEmailAndValidPassword" time="1.924"/>
  <testcase classname="tests.LoginTest" name="verifyLoggingIntoApplicationUsingValidEmailAndValidPassword" time="1.705">
    <failure type="java.lang.AssertionError" message="expected [Warning: No match for E-Mail Address and/or Password.] but found [Warning: Your account has exceeded allowed number of login attempts. Please try again in 1 hour.]">
      <![CDATA[java.lang.AssertionError: expected [Warning: No match for E-Mail Address and/or Password.] but found [Warning: Your account has exceeded allowed number of login attempts. Please try again in 1 hour.]
at tests.LoginTest.verifyLoggingIntoApplicationUsingValidEmailAndValidPassword(LoginTest.java:85)
at java.base/java.util.ArrayList.forEach(ArrayList.java:1596)
... Removed 36 stack frames]]>
    </failure>
  </testcase> <!-- verifyLoggingIntoApplicationUsingValidEmailAndValidPassword -->
  <testcase classname="tests.LoginTest" name="verifyLoggingIntoApplicationWithoutEnteringCredentials" time="1.019">
    <failure type="java.lang.AssertionError" message="did not expect [Warning: No match for E-Mail Address and/or Password.] but found [Warning: No match for E-Mail Address and/or Password.]">
      <![CDATA[java.lang.AssertionError: did not expect [Warning: No match for E-Mail Address and/or Password.] but found [Warning: No match for E-Mail Address and/or Password.]
at tests.LoginTest.verifyLoggingIntoApplicationWithoutEnteringCredentials(LoginTest.java:94)
at java.base/java.util.ArrayList.forEach(ArrayList.java:1596)
... Removed 35 stack frames]]>
    </failure>
  </testcase> <!-- verifyLoggingIntoApplicationWithoutEnteringCredentials -->
  <testcase classname="tests.RegisterTest" name="verifyRegisteringUsingMandatoryFields" time="5.046"/>
  <testcase classname="tests.RegisterTest" name="verifyRegisteringAccountUsingAllFields" time="5.12"/>
  <testcase classname="tests.RegisterTest" name="verifyRegisteringAccountBySelectingYesNewsletterOption" time="5.988"/>
  <testcase classname="tests.RegisterTest" name="verifyRegisteringAccountBySelectingNoNewsletterOption" time="5.71"/>
  <testcase classname="tests.RegisterTest" name="verifyPrivacyPolicySelectionStatusInRegisterAccountPage" time="0.167"/>
  <testcase classname="tests.SearchTest" name="verifySearchingWithExistingProduct" time="1.358"/>
  <testcase classname="tests.SearchTest" name="verifySearchingWithNonExistingProductName" time="1.206"/>
  <testcase classname="tests.SearchTest" name="verifySearchingWithoutProvidingProductName" time="0.657"/>
</testsuite> <!-- Surefire test -->
