<?xml version="1.0" encoding="UTF-8"?>
<!-- Generated by org.testng.reporters.JUnitXMLReporter -->
<testsuite ignored="4" hostname="ArunMotoori" failures="0" tests="1" name="Default test" time="8.604" errors="0" timestamp="2025-01-25T21:03:06 IST">
  <testcase classname="tests.Register" name="verifyRegisteringAccountUsingAllFields" time="3.037"/>
  <testcase classname="tests.Register" name="verifyRegisteringUsingMandatoryFields" time="0.0">
    <ignored/>
  </testcase> <!-- verifyRegisteringUsingMandatoryFields -->
  <testcase classname="tests.Register" name="verifyRegisteringAccountBySelectingYesNewsletterOption" time="0.0">
    <ignored/>
  </testcase> <!-- verifyRegisteringAccountBySelectingYesNewsletterOption -->
  <testcase classname="tests.Register" name="verifyPrivacyPolicySelectionStatusInRegisterAccountPage" time="0.0">
    <ignored/>
  </testcase> <!-- verifyPrivacyPolicySelectionStatusInRegisterAccountPage -->
  <testcase classname="tests.Register" name="verifyRegisteringAccountBySelectingNoNewsletterOption" time="0.0">
    <ignored/>
  </testcase> <!-- verifyRegisteringAccountBySelectingNoNewsletterOption -->
</testsuite> <!-- Default test -->
