<?xml version="1.0" encoding="UTF-8"?>
<!-- Generated by org.testng.reporters.JUnitXMLReporter -->
<testsuite ignored="4" hostname="ArunMotoori" failures="0" tests="5" name="Default test" time="34.891" errors="0" timestamp="2025-01-26T20:42:52 IST">
  <testcase classname="tests.Login" name="verifyLoggingIntoApplicationUsingValidCredentials" time="1.684"/>
  <testcase classname="tests.Login" name="verifyLoggingIntoApplicationUsingValidCredentials" time="1.909"/>
  <testcase classname="tests.Login" name="verifyLoggingIntoApplicationUsingValidCredentials" time="1.738"/>
  <testcase classname="tests.Login" name="verifyLoggingIntoApplicationUsingValidCredentials" time="1.662"/>
  <testcase classname="tests.Login" name="verifyLoggingIntoApplicationUsingValidCredentials" time="1.821"/>
  <testcase classname="tests.Login" name="verifyLoggingIntoApplicationWithoutEnteringCredentials" time="0.0">
    <ignored/>
  </testcase> <!-- verifyLoggingIntoApplicationWithoutEnteringCredentials -->
  <testcase classname="tests.Login" name="verifyLoggingIntoApplicationUsingInvalidEmailAndValidPassword" time="0.0">
    <ignored/>
  </testcase> <!-- verifyLoggingIntoApplicationUsingInvalidEmailAndValidPassword -->
  <testcase classname="tests.Login" name="verifyLoggingIntoApplicationUsingValidEmailAndValidPassword" time="0.0">
    <ignored/>
  </testcase> <!-- verifyLoggingIntoApplicationUsingValidEmailAndValidPassword -->
  <testcase classname="tests.Login" name="verifyLoggingIntoApplicationUsingInvalidCredentials" time="0.0">
    <ignored/>
  </testcase> <!-- verifyLoggingIntoApplicationUsingInvalidCredentials -->
</testsuite> <!-- Default test -->
