<?xml version="1.0" encoding="UTF-8"?>
<!-- Generated by org.testng.reporters.JUnitXMLReporter -->
<testsuite ignored="0" hostname="ArunMotoori" failures="1" tests="17" name="Test" time="119.029" errors="0" timestamp="2025-02-01T19:49:49 IST">
  <testcase classname="tests.Register" name="verifyRegisteringUsingMandatoryFields" time="4.236"/>
  <testcase classname="tests.Register" name="verifyRegisteringAccountUsingAllFields" time="4.587"/>
  <testcase classname="tests.Register" name="verifyRegisteringAccountBySelectingYesNewsletterOption" time="5.282"/>
  <testcase classname="tests.Register" name="verifyRegisteringAccountBySelectingNoNewsletterOption" time="5.599"/>
  <testcase classname="tests.Register" name="verifyPrivacyPolicySelectionStatusInRegisterAccountPage" time="0.09"/>
  <testcase classname="tests.Login" name="verifyLoggingIntoApplicationUsingValidCredentials" time="1.799"/>
  <testcase classname="tests.Login" name="verifyLoggingIntoApplicationUsingValidCredentials" time="1.725"/>
  <testcase classname="tests.Login" name="verifyLoggingIntoApplicationUsingValidCredentials" time="1.936"/>
  <testcase classname="tests.Login" name="verifyLoggingIntoApplicationUsingValidCredentials" time="1.854"/>
  <testcase classname="tests.Login" name="verifyLoggingIntoApplicationUsingValidCredentials" time="1.943"/>
  <testcase classname="tests.Login" name="verifyLoggingIntoApplicationUsingInvalidCredentials" time="1.667"/>
  <testcase classname="tests.Login" name="verifyLoggingIntoApplicationUsingInvalidEmailAndValidPassword" time="1.592"/>
  <testcase classname="tests.Login" name="verifyLoggingIntoApplicationUsingValidEmailAndValidPassword" time="1.627"/>
  <testcase classname="tests.Login" name="verifyLoggingIntoApplicationWithoutEnteringCredentials" time="0.877">
    <failure type="java.lang.AssertionError" message="did not expect [Warning: No match for E-Mail Address and/or Password.] but found [Warning: No match for E-Mail Address and/or Password.]">
      <![CDATA[java.lang.AssertionError: did not expect [Warning: No match for E-Mail Address and/or Password.] but found [Warning: No match for E-Mail Address and/or Password.]
at tests.Login.verifyLoggingIntoApplicationWithoutEnteringCredentials(Login.java:94)
at java.base/java.util.ArrayList.forEach(ArrayList.java:1596)
... Removed 30 stack frames]]>
    </failure>
  </testcase> <!-- verifyLoggingIntoApplicationWithoutEnteringCredentials -->
  <testcase classname="tests.Search" name="verifySearchingWithExistingProduct" time="1.249"/>
  <testcase classname="tests.Search" name="verifySearchingWithNonExistingProductName" time="2.074"/>
  <testcase classname="tests.Search" name="verifySearchingWithoutProvidingProductName" time="0.596"/>
</testsuite> <!-- Test -->
