<?xml version="1.0" encoding="UTF-8"?>
<!-- Generated by org.testng.reporters.JUnitXMLReporter -->
<testsuite ignored="0" hostname="ArunMotoori" failures="0" tests="10" name="Test" time="61.379" errors="0" timestamp="2025-01-19T20:09:07 IST">
  <testcase classname="tests.Register" name="verifyRegisteringUsingMandatoryFields" time="2.175"/>
  <testcase classname="tests.Register" name="verifyRegisteringAccountUsingAllFields" time="2.941"/>
  <testcase classname="tests.Register" name="verifyRegisteringAccountBySelectingYesNewsletterOption" time="3.081"/>
  <testcase classname="tests.Register" name="verifyRegisteringAccountBySelectingNoNewsletterOption" time="3.309"/>
  <testcase classname="tests.Register" name="verifyPrivacyPolicySelectionStatusInRegisterAccountPage" time="0.043"/>
  <testcase classname="tests.Login" name="verifyLoggingIntoApplicationUsingValidCredentials" time="1.528"/>
  <testcase classname="tests.Login" name="verifyLoggingIntoApplicationUsingInvalidCredentials" time="1.091"/>
  <testcase classname="tests.Login" name="verifyLoggingIntoApplicationUsingInvalidEmailAndValidPassword" time="1.363"/>
  <testcase classname="tests.Login" name="verifyLoggingIntoApplicationUsingValidEmailAndValidPassword" time="1.383"/>
  <testcase classname="tests.Login" name="verifyLoggingIntoApplicationWithoutEnteringCredentials" time="0.842"/>
</testsuite> <!-- Test -->
