<?xml version="1.0" encoding="UTF-8"?>
<testsuite xmlns:xsi="http://www.w3.org/2001/XMLSchema-instance" xsi:noNamespaceSchemaLocation="https://maven.apache.org/surefire/maven-surefire-plugin/xsd/surefire-test-report.xsd" version="3.0.2" name="TestSuite" time="124.442" tests="17" errors="0" skipped="0" failures="1">
  <properties>
[...]
</properties>
  <testcase name="verifyRegisteringUsingMandatoryFields" classname="tests.RegisterTest" time="4.571">
    <system-err><![CDATA[SLF4J: Failed to load class "org.slf4j.impl.StaticLoggerBinder".
SLF4J: Defaulting to no-operation (NOP) logger implementation
SLF4J: See http://www.slf4j.org/codes.html#StaticLoggerBinder for further details.
Feb 01, 2025 8:52:08 PM org.openqa.selenium.devtools.CdpVersionFinder findNearestMatch
WARNING: Unable to find an exact match for CDP version 132, returning the closest version; found: 131; Please update to a Selenium version that supports CDP version 132
]]></system-err>
  </testcase>
  <testcase name="verifyRegisteringAccountUsingAllFields" classname="tests.RegisterTest" time="4.377">
    <system-err><![CDATA[Feb 01, 2025 8:52:17 PM org.openqa.selenium.devtools.CdpVersionFinder findNearestMatch
WARNING: Unable to find an exact match for CDP version 132, returning the closest version; found: 131; Please update to a Selenium version that supports CDP version 132
]]></system-err>
  </testcase>
  <testcase name="verifyRegisteringAccountBySelectingYesNewsletterOption" classname="tests.RegisterTest" time="4.852">
    <system-err><![CDATA[Feb 01, 2025 8:52:27 PM org.openqa.selenium.devtools.CdpVersionFinder findNearestMatch
WARNING: Unable to find an exact match for CDP version 132, returning the closest version; found: 131; Please update to a Selenium version that supports CDP version 132
]]></system-err>
  </testcase>
  <testcase name="verifyRegisteringAccountBySelectingNoNewsletterOption" classname="tests.RegisterTest" time="4.628">
    <system-err><![CDATA[Feb 01, 2025 8:52:37 PM org.openqa.selenium.devtools.CdpVersionFinder findNearestMatch
WARNING: Unable to find an exact match for CDP version 132, returning the closest version; found: 131; Please update to a Selenium version that supports CDP version 132
]]></system-err>
  </testcase>
  <testcase name="verifyPrivacyPolicySelectionStatusInRegisterAccountPage" classname="tests.RegisterTest" time="0.095">
    <system-err><![CDATA[Feb 01, 2025 8:52:46 PM org.openqa.selenium.devtools.CdpVersionFinder findNearestMatch
WARNING: Unable to find an exact match for CDP version 132, returning the closest version; found: 131; Please update to a Selenium version that supports CDP version 132
]]></system-err>
  </testcase>
  <testcase name="verifyLoggingIntoApplicationUsingValidCredentials[{Email=amotooribatch5fone1@gmail.com, Password=abcde}](1)" classname="tests.LoginTest" time="1.824">
    <system-err><![CDATA[Feb 01, 2025 8:52:53 PM org.openqa.selenium.devtools.CdpVersionFinder findNearestMatch
WARNING: Unable to find an exact match for CDP version 132, returning the closest version; found: 131; Please update to a Selenium version that supports CDP version 132
]]></system-err>
  </testcase>
  <testcase name="verifyLoggingIntoApplicationUsingValidCredentials[{Email=amotooribatch5fone2@gmail.com, Password=abcde}](2)" classname="tests.LoginTest" time="1.727">
    <system-err><![CDATA[Feb 01, 2025 8:53:01 PM org.openqa.selenium.devtools.CdpVersionFinder findNearestMatch
WARNING: Unable to find an exact match for CDP version 132, returning the closest version; found: 131; Please update to a Selenium version that supports CDP version 132
]]></system-err>
  </testcase>
  <testcase name="verifyLoggingIntoApplicationUsingValidCredentials[{Email=amotooribatch5fone3@gmail.com, Password=abcde}](3)" classname="tests.LoginTest" time="1.734">
    <system-err><![CDATA[Feb 01, 2025 8:53:07 PM org.openqa.selenium.devtools.CdpVersionFinder findNearestMatch
WARNING: Unable to find an exact match for CDP version 132, returning the closest version; found: 131; Please update to a Selenium version that supports CDP version 132
]]></system-err>
  </testcase>
  <testcase name="verifyLoggingIntoApplicationUsingValidCredentials[{Email=amotooribatch5fone4@gmail.com, Password=abcde}](4)" classname="tests.LoginTest" time="1.738">
    <system-err><![CDATA[Feb 01, 2025 8:53:13 PM org.openqa.selenium.devtools.CdpVersionFinder findNearestMatch
WARNING: Unable to find an exact match for CDP version 132, returning the closest version; found: 131; Please update to a Selenium version that supports CDP version 132
]]></system-err>
  </testcase>
  <testcase name="verifyLoggingIntoApplicationUsingValidCredentials[{Email=amotooribatch5fone5@gmail.com, Password=abcde}](5)" classname="tests.LoginTest" time="1.789">
    <system-err><![CDATA[Feb 01, 2025 8:53:19 PM org.openqa.selenium.devtools.CdpVersionFinder findNearestMatch
WARNING: Unable to find an exact match for CDP version 132, returning the closest version; found: 131; Please update to a Selenium version that supports CDP version 132
]]></system-err>
  </testcase>
  <testcase name="verifyLoggingIntoApplicationUsingInvalidCredentials" classname="tests.LoginTest" time="1.524">
    <system-err><![CDATA[Feb 01, 2025 8:53:25 PM org.openqa.selenium.devtools.CdpVersionFinder findNearestMatch
WARNING: Unable to find an exact match for CDP version 132, returning the closest version; found: 131; Please update to a Selenium version that supports CDP version 132
]]></system-err>
  </testcase>
  <testcase name="verifyLoggingIntoApplicationUsingInvalidEmailAndValidPassword" classname="tests.LoginTest" time="1.438">
    <system-err><![CDATA[Feb 01, 2025 8:53:31 PM org.openqa.selenium.devtools.CdpVersionFinder findNearestMatch
WARNING: Unable to find an exact match for CDP version 132, returning the closest version; found: 131; Please update to a Selenium version that supports CDP version 132
]]></system-err>
  </testcase>
  <testcase name="verifyLoggingIntoApplicationUsingValidEmailAndValidPassword" classname="tests.LoginTest" time="1.557">
    <system-err><![CDATA[Feb 01, 2025 8:53:38 PM org.openqa.selenium.devtools.CdpVersionFinder findNearestMatch
WARNING: Unable to find an exact match for CDP version 132, returning the closest version; found: 131; Please update to a Selenium version that supports CDP version 132
]]></system-err>
  </testcase>
  <testcase name="verifyLoggingIntoApplicationWithoutEnteringCredentials" classname="tests.LoginTest" time="1.103">
    <failure message="did not expect [Warning: No match for E-Mail Address and/or Password.] but found [Warning: No match for E-Mail Address and/or Password.]" type="java.lang.AssertionError"><![CDATA[java.lang.AssertionError: did not expect [Warning: No match for E-Mail Address and/or Password.] but found [Warning: No match for E-Mail Address and/or Password.]
	at org.testng.Assert.fail(Assert.java:111)
	at org.testng.Assert.failEquals(Assert.java:1582)
	at org.testng.Assert.assertNotEqualsImpl(Assert.java:157)
	at org.testng.Assert.assertNotEquals(Assert.java:2201)
	at org.testng.Assert.assertNotEquals(Assert.java:2223)
	at tests.LoginTest.verifyLoggingIntoApplicationWithoutEnteringCredentials(LoginTest.java:94)
	at java.base/jdk.internal.reflect.DirectMethodHandleAccessor.invoke(DirectMethodHandleAccessor.java:103)
	at java.base/java.lang.reflect.Method.invoke(Method.java:580)
	at org.testng.internal.invokers.MethodInvocationHelper.invokeMethod(MethodInvocationHelper.java:141)
	at org.testng.internal.invokers.TestInvoker.invokeMethod(TestInvoker.java:686)
	at org.testng.internal.invokers.TestInvoker.invokeTestMethod(TestInvoker.java:230)
	at org.testng.internal.invokers.MethodRunner.runInSequence(MethodRunner.java:63)
	at org.testng.internal.invokers.TestInvoker$MethodInvocationAgent.invoke(TestInvoker.java:992)
	at org.testng.internal.invokers.TestInvoker.invokeTestMethods(TestInvoker.java:203)
	at org.testng.internal.invokers.TestMethodWorker.invokeTestMethods(TestMethodWorker.java:154)
	at org.testng.internal.invokers.TestMethodWorker.run(TestMethodWorker.java:134)
	at java.base/java.util.ArrayList.forEach(ArrayList.java:1596)
	at org.testng.TestRunner.privateRun(TestRunner.java:739)
	at org.testng.TestRunner.run(TestRunner.java:614)
	at org.testng.SuiteRunner.runTest(SuiteRunner.java:421)
	at org.testng.SuiteRunner.runSequentially(SuiteRunner.java:413)
	at org.testng.SuiteRunner.privateRun(SuiteRunner.java:373)
	at org.testng.SuiteRunner.run(SuiteRunner.java:312)
	at org.testng.SuiteRunnerWorker.runSuite(SuiteRunnerWorker.java:52)
	at org.testng.SuiteRunnerWorker.run(SuiteRunnerWorker.java:95)
	at org.testng.TestNG.runSuitesSequentially(TestNG.java:1274)
	at org.testng.TestNG.runSuitesLocally(TestNG.java:1208)
	at org.testng.TestNG.runSuites(TestNG.java:1112)
	at org.testng.TestNG.run(TestNG.java:1079)
	at org.apache.maven.surefire.testng.TestNGExecutor.run(TestNGExecutor.java:308)
	at org.apache.maven.surefire.testng.TestNGXmlTestSuite.execute(TestNGXmlTestSuite.java:71)
	at org.apache.maven.surefire.testng.TestNGProvider.invoke(TestNGProvider.java:113)
	at org.apache.maven.surefire.booter.ForkedBooter.runSuitesInProcess(ForkedBooter.java:385)
	at org.apache.maven.surefire.booter.ForkedBooter.execute(ForkedBooter.java:162)
	at org.apache.maven.surefire.booter.ForkedBooter.run(ForkedBooter.java:507)
	at org.apache.maven.surefire.booter.ForkedBooter.main(ForkedBooter.java:495)
]]></failure>
    <system-err><![CDATA[Feb 01, 2025 8:53:43 PM org.openqa.selenium.devtools.CdpVersionFinder findNearestMatch
WARNING: Unable to find an exact match for CDP version 132, returning the closest version; found: 131; Please update to a Selenium version that supports CDP version 132
]]></system-err>
  </testcase>
  <testcase name="verifySearchingWithExistingProduct" classname="tests.SearchTest" time="1.145">
    <system-err><![CDATA[Feb 01, 2025 8:53:49 PM org.openqa.selenium.devtools.CdpVersionFinder findNearestMatch
WARNING: Unable to find an exact match for CDP version 132, returning the closest version; found: 131; Please update to a Selenium version that supports CDP version 132
]]></system-err>
  </testcase>
  <testcase name="verifySearchingWithNonExistingProductName" classname="tests.SearchTest" time="6.586">
    <system-err><![CDATA[Feb 01, 2025 8:53:53 PM org.openqa.selenium.devtools.CdpVersionFinder findNearestMatch
WARNING: Unable to find an exact match for CDP version 132, returning the closest version; found: 131; Please update to a Selenium version that supports CDP version 132
]]></system-err>
  </testcase>
  <testcase name="verifySearchingWithoutProvidingProductName" classname="tests.SearchTest" time="0.855">
    <system-err><![CDATA[Feb 01, 2025 8:54:03 PM org.openqa.selenium.devtools.CdpVersionFinder findNearestMatch
WARNING: Unable to find an exact match for CDP version 132, returning the closest version; found: 131; Please update to a Selenium version that supports CDP version 132
]]></system-err>
  </testcase>
</testsuite>