<?xml version="1.0" encoding="UTF-8"?>
<testng-results ignored="0" total="17" passed="16" failed="1" skipped="0">
  <reporter-output>
  </reporter-output>
  <suite started-at="2025-02-01T20:52:05 IST" name="Suite" finished-at="2025-02-01T20:54:07 IST" duration-ms="121124">
    <groups>
    </groups>
    <test started-at="2025-02-01T20:52:05 IST" name="Test" finished-at="2025-02-01T20:54:07 IST" duration-ms="121124">
      <class name="tests.LoginTest">
        <test-method is-config="true" signature="setup()[pri:0, instance:tests.LoginTest@595b007d]" started-at="2025-02-01T20:52:51 IST" name="setup" finished-at="2025-02-01T20:52:57 IST" duration-ms="6330" status="PASS">
          <reporter-output>
          </reporter-output>
        </test-method> <!-- setup -->
        <test-method signature="verifyLoggingIntoApplicationUsingValidCredentials(java.util.HashMap)[pri:1, instance:tests.LoginTest@595b007d]" started-at="2025-02-01T20:52:57 IST" name="verifyLoggingIntoApplicationUsingValidCredentials" data-provider="validCredentialsSupplier" finished-at="2025-02-01T20:52:59 IST" duration-ms="1823" status="PASS">
          <params>
            <param index="0">
              <value>
                <![CDATA[{Email=amotooribatch5fone1@gmail.com, Password=abcde}]]>
              </value>
            </param>
          </params>
          <reporter-output>
          </reporter-output>
        </test-method> <!-- verifyLoggingIntoApplicationUsingValidCredentials -->
        <test-method is-config="true" signature="teardown()[pri:0, instance:tests.LoginTest@595b007d]" started-at="2025-02-01T20:52:59 IST" name="teardown" finished-at="2025-02-01T20:53:00 IST" duration-ms="268" status="PASS">
          <reporter-output>
          </reporter-output>
        </test-method> <!-- teardown -->
        <test-method is-config="true" signature="setup()[pri:0, instance:tests.LoginTest@595b007d]" started-at="2025-02-01T20:53:00 IST" name="setup" finished-at="2025-02-01T20:53:04 IST" duration-ms="4247" status="PASS">
          <reporter-output>
          </reporter-output>
        </test-method> <!-- setup -->
        <test-method signature="verifyLoggingIntoApplicationUsingValidCredentials(java.util.HashMap)[pri:1, instance:tests.LoginTest@595b007d]" started-at="2025-02-01T20:53:04 IST" name="verifyLoggingIntoApplicationUsingValidCredentials" data-provider="validCredentialsSupplier" finished-at="2025-02-01T20:53:06 IST" duration-ms="1727" status="PASS">
          <params>
            <param index="0">
              <value>
                <![CDATA[{Email=amotooribatch5fone2@gmail.com, Password=abcde}]]>
              </value>
            </param>
          </params>
          <reporter-output>
          </reporter-output>
        </test-method> <!-- verifyLoggingIntoApplicationUsingValidCredentials -->
        <test-method is-config="true" signature="teardown()[pri:0, instance:tests.LoginTest@595b007d]" started-at="2025-02-01T20:53:06 IST" name="teardown" finished-at="2025-02-01T20:53:06 IST" duration-ms="324" status="PASS">
          <reporter-output>
          </reporter-output>
        </test-method> <!-- teardown -->
        <test-method is-config="true" signature="setup()[pri:0, instance:tests.LoginTest@595b007d]" started-at="2025-02-01T20:53:06 IST" name="setup" finished-at="2025-02-01T20:53:10 IST" duration-ms="3761" status="PASS">
          <reporter-output>
          </reporter-output>
        </test-method> <!-- setup -->
        <test-method signature="verifyLoggingIntoApplicationUsingValidCredentials(java.util.HashMap)[pri:1, instance:tests.LoginTest@595b007d]" started-at="2025-02-01T20:53:10 IST" name="verifyLoggingIntoApplicationUsingValidCredentials" data-provider="validCredentialsSupplier" finished-at="2025-02-01T20:53:11 IST" duration-ms="1735" status="PASS">
          <params>
            <param index="0">
              <value>
                <![CDATA[{Email=amotooribatch5fone3@gmail.com, Password=abcde}]]>
              </value>
            </param>
          </params>
          <reporter-output>
          </reporter-output>
        </test-method> <!-- verifyLoggingIntoApplicationUsingValidCredentials -->
        <test-method is-config="true" signature="teardown()[pri:0, instance:tests.LoginTest@595b007d]" started-at="2025-02-01T20:53:11 IST" name="teardown" finished-at="2025-02-01T20:53:12 IST" duration-ms="202" status="PASS">
          <reporter-output>
          </reporter-output>
        </test-method> <!-- teardown -->
        <test-method is-config="true" signature="setup()[pri:0, instance:tests.LoginTest@595b007d]" started-at="2025-02-01T20:53:12 IST" name="setup" finished-at="2025-02-01T20:53:16 IST" duration-ms="4082" status="PASS">
          <reporter-output>
          </reporter-output>
        </test-method> <!-- setup -->
        <test-method signature="verifyLoggingIntoApplicationUsingValidCredentials(java.util.HashMap)[pri:1, instance:tests.LoginTest@595b007d]" started-at="2025-02-01T20:53:16 IST" name="verifyLoggingIntoApplicationUsingValidCredentials" data-provider="validCredentialsSupplier" finished-at="2025-02-01T20:53:17 IST" duration-ms="1736" status="PASS">
          <params>
            <param index="0">
              <value>
                <![CDATA[{Email=amotooribatch5fone4@gmail.com, Password=abcde}]]>
              </value>
            </param>
          </params>
          <reporter-output>
          </reporter-output>
        </test-method> <!-- verifyLoggingIntoApplicationUsingValidCredentials -->
        <test-method is-config="true" signature="teardown()[pri:0, instance:tests.LoginTest@595b007d]" started-at="2025-02-01T20:53:17 IST" name="teardown" finished-at="2025-02-01T20:53:18 IST" duration-ms="230" status="PASS">
          <reporter-output>
          </reporter-output>
        </test-method> <!-- teardown -->
        <test-method is-config="true" signature="setup()[pri:0, instance:tests.LoginTest@595b007d]" started-at="2025-02-01T20:53:18 IST" name="setup" finished-at="2025-02-01T20:53:22 IST" duration-ms="4222" status="PASS">
          <reporter-output>
          </reporter-output>
        </test-method> <!-- setup -->
        <test-method signature="verifyLoggingIntoApplicationUsingValidCredentials(java.util.HashMap)[pri:1, instance:tests.LoginTest@595b007d]" started-at="2025-02-01T20:53:22 IST" name="verifyLoggingIntoApplicationUsingValidCredentials" data-provider="validCredentialsSupplier" finished-at="2025-02-01T20:53:24 IST" duration-ms="1789" status="PASS">
          <params>
            <param index="0">
              <value>
                <![CDATA[{Email=amotooribatch5fone5@gmail.com, Password=abcde}]]>
              </value>
            </param>
          </params>
          <reporter-output>
          </reporter-output>
        </test-method> <!-- verifyLoggingIntoApplicationUsingValidCredentials -->
        <test-method is-config="true" signature="teardown()[pri:0, instance:tests.LoginTest@595b007d]" started-at="2025-02-01T20:53:24 IST" name="teardown" finished-at="2025-02-01T20:53:24 IST" duration-ms="236" status="PASS">
          <reporter-output>
          </reporter-output>
        </test-method> <!-- teardown -->
        <test-method is-config="true" signature="setup()[pri:0, instance:tests.LoginTest@595b007d]" started-at="2025-02-01T20:53:24 IST" name="setup" finished-at="2025-02-01T20:53:28 IST" duration-ms="4568" status="PASS">
          <reporter-output>
          </reporter-output>
        </test-method> <!-- setup -->
        <test-method signature="verifyLoggingIntoApplicationUsingInvalidCredentials()[pri:2, instance:tests.LoginTest@595b007d]" started-at="2025-02-01T20:53:28 IST" name="verifyLoggingIntoApplicationUsingInvalidCredentials" finished-at="2025-02-01T20:53:30 IST" duration-ms="1525" status="PASS">
          <reporter-output>
          </reporter-output>
        </test-method> <!-- verifyLoggingIntoApplicationUsingInvalidCredentials -->
        <test-method is-config="true" signature="teardown()[pri:0, instance:tests.LoginTest@595b007d]" started-at="2025-02-01T20:53:30 IST" name="teardown" finished-at="2025-02-01T20:53:30 IST" duration-ms="264" status="PASS">
          <reporter-output>
          </reporter-output>
        </test-method> <!-- teardown -->
        <test-method is-config="true" signature="setup()[pri:0, instance:tests.LoginTest@595b007d]" started-at="2025-02-01T20:53:30 IST" name="setup" finished-at="2025-02-01T20:53:35 IST" duration-ms="4345" status="PASS">
          <reporter-output>
          </reporter-output>
        </test-method> <!-- setup -->
        <test-method signature="verifyLoggingIntoApplicationUsingInvalidEmailAndValidPassword()[pri:3, instance:tests.LoginTest@595b007d]" started-at="2025-02-01T20:53:35 IST" name="verifyLoggingIntoApplicationUsingInvalidEmailAndValidPassword" finished-at="2025-02-01T20:53:36 IST" duration-ms="1438" status="PASS">
          <reporter-output>
          </reporter-output>
        </test-method> <!-- verifyLoggingIntoApplicationUsingInvalidEmailAndValidPassword -->
        <test-method is-config="true" signature="teardown()[pri:0, instance:tests.LoginTest@595b007d]" started-at="2025-02-01T20:53:36 IST" name="teardown" finished-at="2025-02-01T20:53:36 IST" duration-ms="257" status="PASS">
          <reporter-output>
          </reporter-output>
        </test-method> <!-- teardown -->
        <test-method is-config="true" signature="setup()[pri:0, instance:tests.LoginTest@595b007d]" started-at="2025-02-01T20:53:36 IST" name="setup" finished-at="2025-02-01T20:53:40 IST" duration-ms="4052" status="PASS">
          <reporter-output>
          </reporter-output>
        </test-method> <!-- setup -->
        <test-method signature="verifyLoggingIntoApplicationUsingValidEmailAndValidPassword()[pri:4, instance:tests.LoginTest@595b007d]" started-at="2025-02-01T20:53:40 IST" name="verifyLoggingIntoApplicationUsingValidEmailAndValidPassword" finished-at="2025-02-01T20:53:42 IST" duration-ms="1556" status="PASS">
          <reporter-output>
          </reporter-output>
        </test-method> <!-- verifyLoggingIntoApplicationUsingValidEmailAndValidPassword -->
        <test-method is-config="true" signature="teardown()[pri:0, instance:tests.LoginTest@595b007d]" started-at="2025-02-01T20:53:42 IST" name="teardown" finished-at="2025-02-01T20:53:42 IST" duration-ms="234" status="PASS">
          <reporter-output>
          </reporter-output>
        </test-method> <!-- teardown -->
        <test-method is-config="true" signature="setup()[pri:0, instance:tests.LoginTest@595b007d]" started-at="2025-02-01T20:53:42 IST" name="setup" finished-at="2025-02-01T20:53:46 IST" duration-ms="4171" status="PASS">
          <reporter-output>
          </reporter-output>
        </test-method> <!-- setup -->
        <test-method signature="verifyLoggingIntoApplicationWithoutEnteringCredentials()[pri:5, instance:tests.LoginTest@595b007d]" started-at="2025-02-01T20:53:46 IST" name="verifyLoggingIntoApplicationWithoutEnteringCredentials" finished-at="2025-02-01T20:53:47 IST" duration-ms="858" status="FAIL">
          <exception class="java.lang.AssertionError">
            <message>
              <![CDATA[did not expect [Warning: No match for E-Mail Address and/or Password.] but found [Warning: No match for E-Mail Address and/or Password.]]]>
            </message>
            <full-stacktrace>
              <![CDATA[java.lang.AssertionError: did not expect [Warning: No match for E-Mail Address and/or Password.] but found [Warning: No match for E-Mail Address and/or Password.]
at org.testng.Assert.fail(Assert.java:111)
at org.testng.Assert.failEquals(Assert.java:1582)
at org.testng.Assert.assertNotEqualsImpl(Assert.java:157)
at org.testng.Assert.assertNotEquals(Assert.java:2201)
at org.testng.Assert.assertNotEquals(Assert.java:2223)
at tests.LoginTest.verifyLoggingIntoApplicationWithoutEnteringCredentials(LoginTest.java:94)
at java.base/jdk.internal.reflect.DirectMethodHandleAccessor.invoke(DirectMethodHandleAccessor.java:103)
at java.base/java.lang.reflect.Method.invoke(Method.java:580)
at org.testng.internal.invokers.MethodInvocationHelper.invokeMethod(MethodInvocationHelper.java:141)
at org.testng.internal.invokers.TestInvoker.invokeMethod(TestInvoker.java:686)
at org.testng.internal.invokers.TestInvoker.invokeTestMethod(TestInvoker.java:230)
at org.testng.internal.invokers.MethodRunner.runInSequence(MethodRunner.java:63)
at org.testng.internal.invokers.TestInvoker$MethodInvocationAgent.invoke(TestInvoker.java:992)
at org.testng.internal.invokers.TestInvoker.invokeTestMethods(TestInvoker.java:203)
at org.testng.internal.invokers.TestMethodWorker.invokeTestMethods(TestMethodWorker.java:154)
at org.testng.internal.invokers.TestMethodWorker.run(TestMethodWorker.java:134)
at java.base/java.util.ArrayList.forEach(ArrayList.java:1596)
at org.testng.TestRunner.privateRun(TestRunner.java:739)
at org.testng.TestRunner.run(TestRunner.java:614)
at org.testng.SuiteRunner.runTest(SuiteRunner.java:421)
at org.testng.SuiteRunner.runSequentially(SuiteRunner.java:413)
at org.testng.SuiteRunner.privateRun(SuiteRunner.java:373)
at org.testng.SuiteRunner.run(SuiteRunner.java:312)
at org.testng.SuiteRunnerWorker.runSuite(SuiteRunnerWorker.java:52)
at org.testng.SuiteRunnerWorker.run(SuiteRunnerWorker.java:95)
at org.testng.TestNG.runSuitesSequentially(TestNG.java:1274)
at org.testng.TestNG.runSuitesLocally(TestNG.java:1208)
at org.testng.TestNG.runSuites(TestNG.java:1112)
at org.testng.TestNG.run(TestNG.java:1079)
at org.apache.maven.surefire.testng.TestNGExecutor.run(TestNGExecutor.java:308)
at org.apache.maven.surefire.testng.TestNGXmlTestSuite.execute(TestNGXmlTestSuite.java:71)
at org.apache.maven.surefire.testng.TestNGProvider.invoke(TestNGProvider.java:113)
at org.apache.maven.surefire.booter.ForkedBooter.runSuitesInProcess(ForkedBooter.java:385)
at org.apache.maven.surefire.booter.ForkedBooter.execute(ForkedBooter.java:162)
at org.apache.maven.surefire.booter.ForkedBooter.run(ForkedBooter.java:507)
at org.apache.maven.surefire.booter.ForkedBooter.main(ForkedBooter.java:495)
]]>
            </full-stacktrace>
          </exception> <!-- java.lang.AssertionError -->
          <reporter-output>
          </reporter-output>
        </test-method> <!-- verifyLoggingIntoApplicationWithoutEnteringCredentials -->
        <test-method is-config="true" signature="teardown()[pri:0, instance:tests.LoginTest@595b007d]" started-at="2025-02-01T20:53:47 IST" name="teardown" finished-at="2025-02-01T20:53:48 IST" duration-ms="211" status="PASS">
          <reporter-output>
          </reporter-output>
        </test-method> <!-- teardown -->
      </class> <!-- tests.LoginTest -->
      <class name="tests.RegisterTest">
        <test-method is-config="true" signature="setup()[pri:0, instance:tests.RegisterTest@61862a7f]" started-at="2025-02-01T20:52:06 IST" name="setup" finished-at="2025-02-01T20:52:11 IST" duration-ms="5553" status="PASS">
          <reporter-output>
          </reporter-output>
        </test-method> <!-- setup -->
        <test-method signature="verifyRegisteringUsingMandatoryFields()[pri:1, instance:tests.RegisterTest@61862a7f]" started-at="2025-02-01T20:52:11 IST" name="verifyRegisteringUsingMandatoryFields" finished-at="2025-02-01T20:52:16 IST" duration-ms="4558" status="PASS">
          <reporter-output>
          </reporter-output>
        </test-method> <!-- verifyRegisteringUsingMandatoryFields -->
        <test-method is-config="true" signature="teardown()[pri:0, instance:tests.RegisterTest@61862a7f]" started-at="2025-02-01T20:52:16 IST" name="teardown" finished-at="2025-02-01T20:52:16 IST" duration-ms="286" status="PASS">
          <reporter-output>
          </reporter-output>
        </test-method> <!-- teardown -->
        <test-method is-config="true" signature="setup()[pri:0, instance:tests.RegisterTest@61862a7f]" started-at="2025-02-01T20:52:16 IST" name="setup" finished-at="2025-02-01T20:52:21 IST" duration-ms="5219" status="PASS">
          <reporter-output>
          </reporter-output>
        </test-method> <!-- setup -->
        <test-method signature="verifyRegisteringAccountUsingAllFields()[pri:2, instance:tests.RegisterTest@61862a7f]" started-at="2025-02-01T20:52:21 IST" name="verifyRegisteringAccountUsingAllFields" finished-at="2025-02-01T20:52:26 IST" duration-ms="4376" status="PASS">
          <reporter-output>
          </reporter-output>
        </test-method> <!-- verifyRegisteringAccountUsingAllFields -->
        <test-method is-config="true" signature="teardown()[pri:0, instance:tests.RegisterTest@61862a7f]" started-at="2025-02-01T20:52:26 IST" name="teardown" finished-at="2025-02-01T20:52:26 IST" duration-ms="254" status="PASS">
          <reporter-output>
          </reporter-output>
        </test-method> <!-- teardown -->
        <test-method is-config="true" signature="setup()[pri:0, instance:tests.RegisterTest@61862a7f]" started-at="2025-02-01T20:52:26 IST" name="setup" finished-at="2025-02-01T20:52:30 IST" duration-ms="4286" status="PASS">
          <reporter-output>
          </reporter-output>
        </test-method> <!-- setup -->
        <test-method signature="verifyRegisteringAccountBySelectingYesNewsletterOption()[pri:3, instance:tests.RegisterTest@61862a7f]" started-at="2025-02-01T20:52:30 IST" name="verifyRegisteringAccountBySelectingYesNewsletterOption" finished-at="2025-02-01T20:52:35 IST" duration-ms="4853" status="PASS">
          <reporter-output>
          </reporter-output>
        </test-method> <!-- verifyRegisteringAccountBySelectingYesNewsletterOption -->
        <test-method is-config="true" signature="teardown()[pri:0, instance:tests.RegisterTest@61862a7f]" started-at="2025-02-01T20:52:35 IST" name="teardown" finished-at="2025-02-01T20:52:35 IST" duration-ms="269" status="PASS">
          <reporter-output>
          </reporter-output>
        </test-method> <!-- teardown -->
        <test-method is-config="true" signature="setup()[pri:0, instance:tests.RegisterTest@61862a7f]" started-at="2025-02-01T20:52:35 IST" name="setup" finished-at="2025-02-01T20:52:40 IST" duration-ms="4638" status="PASS">
          <reporter-output>
          </reporter-output>
        </test-method> <!-- setup -->
        <test-method signature="verifyRegisteringAccountBySelectingNoNewsletterOption()[pri:4, instance:tests.RegisterTest@61862a7f]" started-at="2025-02-01T20:52:40 IST" name="verifyRegisteringAccountBySelectingNoNewsletterOption" finished-at="2025-02-01T20:52:45 IST" duration-ms="4629" status="PASS">
          <reporter-output>
          </reporter-output>
        </test-method> <!-- verifyRegisteringAccountBySelectingNoNewsletterOption -->
        <test-method is-config="true" signature="teardown()[pri:0, instance:tests.RegisterTest@61862a7f]" started-at="2025-02-01T20:52:45 IST" name="teardown" finished-at="2025-02-01T20:52:45 IST" duration-ms="253" status="PASS">
          <reporter-output>
          </reporter-output>
        </test-method> <!-- teardown -->
        <test-method is-config="true" signature="setup()[pri:0, instance:tests.RegisterTest@61862a7f]" started-at="2025-02-01T20:52:45 IST" name="setup" finished-at="2025-02-01T20:52:49 IST" duration-ms="4178" status="PASS">
          <reporter-output>
          </reporter-output>
        </test-method> <!-- setup -->
        <test-method signature="verifyPrivacyPolicySelectionStatusInRegisterAccountPage()[pri:5, instance:tests.RegisterTest@61862a7f]" started-at="2025-02-01T20:52:49 IST" name="verifyPrivacyPolicySelectionStatusInRegisterAccountPage" finished-at="2025-02-01T20:52:49 IST" duration-ms="96" status="PASS">
          <reporter-output>
          </reporter-output>
        </test-method> <!-- verifyPrivacyPolicySelectionStatusInRegisterAccountPage -->
        <test-method is-config="true" signature="teardown()[pri:0, instance:tests.RegisterTest@61862a7f]" started-at="2025-02-01T20:52:49 IST" name="teardown" finished-at="2025-02-01T20:52:49 IST" duration-ms="222" status="PASS">
          <reporter-output>
          </reporter-output>
        </test-method> <!-- teardown -->
      </class> <!-- tests.RegisterTest -->
      <class name="tests.SearchTest">
        <test-method is-config="true" signature="setup()[pri:0, instance:tests.SearchTest@72d1ad2e]" started-at="2025-02-01T20:53:48 IST" name="setup" finished-at="2025-02-01T20:53:51 IST" duration-ms="3186" status="PASS">
          <reporter-output>
          </reporter-output>
        </test-method> <!-- setup -->
        <test-method signature="verifySearchingWithExistingProduct()[pri:1, instance:tests.SearchTest@72d1ad2e]" started-at="2025-02-01T20:53:51 IST" name="verifySearchingWithExistingProduct" finished-at="2025-02-01T20:53:52 IST" duration-ms="1145" status="PASS">
          <reporter-output>
          </reporter-output>
        </test-method> <!-- verifySearchingWithExistingProduct -->
        <test-method is-config="true" signature="teardown()[pri:0, instance:tests.SearchTest@72d1ad2e]" started-at="2025-02-01T20:53:52 IST" name="teardown" finished-at="2025-02-01T20:53:52 IST" duration-ms="204" status="PASS">
          <reporter-output>
          </reporter-output>
        </test-method> <!-- teardown -->
        <test-method is-config="true" signature="setup()[pri:0, instance:tests.SearchTest@72d1ad2e]" started-at="2025-02-01T20:53:52 IST" name="setup" finished-at="2025-02-01T20:53:55 IST" duration-ms="3069" status="PASS">
          <reporter-output>
          </reporter-output>
        </test-method> <!-- setup -->
        <test-method signature="verifySearchingWithNonExistingProductName()[pri:2, instance:tests.SearchTest@72d1ad2e]" started-at="2025-02-01T20:53:55 IST" name="verifySearchingWithNonExistingProductName" finished-at="2025-02-01T20:54:02 IST" duration-ms="6585" status="PASS">
          <reporter-output>
          </reporter-output>
        </test-method> <!-- verifySearchingWithNonExistingProductName -->
        <test-method is-config="true" signature="teardown()[pri:0, instance:tests.SearchTest@72d1ad2e]" started-at="2025-02-01T20:54:02 IST" name="teardown" finished-at="2025-02-01T20:54:02 IST" duration-ms="257" status="PASS">
          <reporter-output>
          </reporter-output>
        </test-method> <!-- teardown -->
        <test-method is-config="true" signature="setup()[pri:0, instance:tests.SearchTest@72d1ad2e]" started-at="2025-02-01T20:54:02 IST" name="setup" finished-at="2025-02-01T20:54:05 IST" duration-ms="3420" status="PASS">
          <reporter-output>
          </reporter-output>
        </test-method> <!-- setup -->
        <test-method signature="verifySearchingWithoutProvidingProductName()[pri:3, instance:tests.SearchTest@72d1ad2e]" started-at="2025-02-01T20:54:05 IST" name="verifySearchingWithoutProvidingProductName" finished-at="2025-02-01T20:54:06 IST" duration-ms="853" status="PASS">
          <reporter-output>
          </reporter-output>
        </test-method> <!-- verifySearchingWithoutProvidingProductName -->
        <test-method is-config="true" signature="teardown()[pri:0, instance:tests.SearchTest@72d1ad2e]" started-at="2025-02-01T20:54:06 IST" name="teardown" finished-at="2025-02-01T20:54:07 IST" duration-ms="227" status="PASS">
          <reporter-output>
          </reporter-output>
        </test-method> <!-- teardown -->
      </class> <!-- tests.SearchTest -->
    </test> <!-- Test -->
  </suite> <!-- Suite -->
</testng-results>
