<?xml version="1.0" encoding="UTF-8"?>
<testng-results ignored="0" total="17" passed="16" failed="1" skipped="0">
  <reporter-output>
  </reporter-output>
  <suite started-at="2025-02-01T19:47:49 IST" name="Suite" finished-at="2025-02-01T19:49:48 IST" duration-ms="119029">
    <groups>
    </groups>
    <test started-at="2025-02-01T19:47:49 IST" name="Test" finished-at="2025-02-01T19:49:48 IST" duration-ms="119029">
      <class name="tests.Login">
        <test-method is-config="true" signature="setup()[pri:0, instance:tests.Login@7e6f74c]" started-at="2025-02-01T19:48:34 IST" name="setup" finished-at="2025-02-01T19:48:39 IST" duration-ms="4469" status="PASS">
          <reporter-output>
          </reporter-output>
        </test-method> <!-- setup -->
        <test-method signature="verifyLoggingIntoApplicationUsingValidCredentials(java.util.HashMap)[pri:1, instance:tests.Login@7e6f74c]" started-at="2025-02-01T19:48:39 IST" name="verifyLoggingIntoApplicationUsingValidCredentials" data-provider="validCredentialsSupplier" finished-at="2025-02-01T19:48:41 IST" duration-ms="1799" status="PASS">
          <params>
            <param index="0">
              <value>
                <![CDATA[{Email=amotooribatch5fone1@gmail.com, Password=abcde}]]>
              </value>
            </param>
          </params>
          <reporter-output>
          </reporter-output>
        </test-method> <!-- verifyLoggingIntoApplicationUsingValidCredentials -->
        <test-method is-config="true" signature="teardown()[pri:0, instance:tests.Login@7e6f74c]" started-at="2025-02-01T19:48:41 IST" name="teardown" finished-at="2025-02-01T19:48:41 IST" duration-ms="234" status="PASS">
          <reporter-output>
          </reporter-output>
        </test-method> <!-- teardown -->
        <test-method is-config="true" signature="setup()[pri:0, instance:tests.Login@7e6f74c]" started-at="2025-02-01T19:48:41 IST" name="setup" finished-at="2025-02-01T19:48:45 IST" duration-ms="4166" status="PASS">
          <reporter-output>
          </reporter-output>
        </test-method> <!-- setup -->
        <test-method signature="verifyLoggingIntoApplicationUsingValidCredentials(java.util.HashMap)[pri:1, instance:tests.Login@7e6f74c]" started-at="2025-02-01T19:48:45 IST" name="verifyLoggingIntoApplicationUsingValidCredentials" data-provider="validCredentialsSupplier" finished-at="2025-02-01T19:48:47 IST" duration-ms="1725" status="PASS">
          <params>
            <param index="0">
              <value>
                <![CDATA[{Email=amotooribatch5fone2@gmail.com, Password=abcde}]]>
              </value>
            </param>
          </params>
          <reporter-output>
          </reporter-output>
        </test-method> <!-- verifyLoggingIntoApplicationUsingValidCredentials -->
        <test-method is-config="true" signature="teardown()[pri:0, instance:tests.Login@7e6f74c]" started-at="2025-02-01T19:48:47 IST" name="teardown" finished-at="2025-02-01T19:48:47 IST" duration-ms="290" status="PASS">
          <reporter-output>
          </reporter-output>
        </test-method> <!-- teardown -->
        <test-method is-config="true" signature="setup()[pri:0, instance:tests.Login@7e6f74c]" started-at="2025-02-01T19:48:47 IST" name="setup" finished-at="2025-02-01T19:48:51 IST" duration-ms="3965" status="PASS">
          <reporter-output>
          </reporter-output>
        </test-method> <!-- setup -->
        <test-method signature="verifyLoggingIntoApplicationUsingValidCredentials(java.util.HashMap)[pri:1, instance:tests.Login@7e6f74c]" started-at="2025-02-01T19:48:51 IST" name="verifyLoggingIntoApplicationUsingValidCredentials" data-provider="validCredentialsSupplier" finished-at="2025-02-01T19:48:53 IST" duration-ms="1936" status="PASS">
          <params>
            <param index="0">
              <value>
                <![CDATA[{Email=amotooribatch5fone3@gmail.com, Password=abcde}]]>
              </value>
            </param>
          </params>
          <reporter-output>
          </reporter-output>
        </test-method> <!-- verifyLoggingIntoApplicationUsingValidCredentials -->
        <test-method is-config="true" signature="teardown()[pri:0, instance:tests.Login@7e6f74c]" started-at="2025-02-01T19:48:53 IST" name="teardown" finished-at="2025-02-01T19:48:53 IST" duration-ms="304" status="PASS">
          <reporter-output>
          </reporter-output>
        </test-method> <!-- teardown -->
        <test-method is-config="true" signature="setup()[pri:0, instance:tests.Login@7e6f74c]" started-at="2025-02-01T19:48:53 IST" name="setup" finished-at="2025-02-01T19:48:58 IST" duration-ms="4315" status="PASS">
          <reporter-output>
          </reporter-output>
        </test-method> <!-- setup -->
        <test-method signature="verifyLoggingIntoApplicationUsingValidCredentials(java.util.HashMap)[pri:1, instance:tests.Login@7e6f74c]" started-at="2025-02-01T19:48:58 IST" name="verifyLoggingIntoApplicationUsingValidCredentials" data-provider="validCredentialsSupplier" finished-at="2025-02-01T19:49:00 IST" duration-ms="1854" status="PASS">
          <params>
            <param index="0">
              <value>
                <![CDATA[{Email=amotooribatch5fone4@gmail.com, Password=abcde}]]>
              </value>
            </param>
          </params>
          <reporter-output>
          </reporter-output>
        </test-method> <!-- verifyLoggingIntoApplicationUsingValidCredentials -->
        <test-method is-config="true" signature="teardown()[pri:0, instance:tests.Login@7e6f74c]" started-at="2025-02-01T19:49:00 IST" name="teardown" finished-at="2025-02-01T19:49:00 IST" duration-ms="261" status="PASS">
          <reporter-output>
          </reporter-output>
        </test-method> <!-- teardown -->
        <test-method is-config="true" signature="setup()[pri:0, instance:tests.Login@7e6f74c]" started-at="2025-02-01T19:49:00 IST" name="setup" finished-at="2025-02-01T19:49:04 IST" duration-ms="4496" status="PASS">
          <reporter-output>
          </reporter-output>
        </test-method> <!-- setup -->
        <test-method signature="verifyLoggingIntoApplicationUsingValidCredentials(java.util.HashMap)[pri:1, instance:tests.Login@7e6f74c]" started-at="2025-02-01T19:49:04 IST" name="verifyLoggingIntoApplicationUsingValidCredentials" data-provider="validCredentialsSupplier" finished-at="2025-02-01T19:49:06 IST" duration-ms="1943" status="PASS">
          <params>
            <param index="0">
              <value>
                <![CDATA[{Email=amotooribatch5fone5@gmail.com, Password=abcde}]]>
              </value>
            </param>
          </params>
          <reporter-output>
          </reporter-output>
        </test-method> <!-- verifyLoggingIntoApplicationUsingValidCredentials -->
        <test-method is-config="true" signature="teardown()[pri:0, instance:tests.Login@7e6f74c]" started-at="2025-02-01T19:49:06 IST" name="teardown" finished-at="2025-02-01T19:49:07 IST" duration-ms="288" status="PASS">
          <reporter-output>
          </reporter-output>
        </test-method> <!-- teardown -->
        <test-method is-config="true" signature="setup()[pri:0, instance:tests.Login@7e6f74c]" started-at="2025-02-01T19:49:07 IST" name="setup" finished-at="2025-02-01T19:49:11 IST" duration-ms="4871" status="PASS">
          <reporter-output>
          </reporter-output>
        </test-method> <!-- setup -->
        <test-method signature="verifyLoggingIntoApplicationUsingInvalidCredentials()[pri:2, instance:tests.Login@7e6f74c]" started-at="2025-02-01T19:49:11 IST" name="verifyLoggingIntoApplicationUsingInvalidCredentials" finished-at="2025-02-01T19:49:13 IST" duration-ms="1667" status="PASS">
          <reporter-output>
          </reporter-output>
        </test-method> <!-- verifyLoggingIntoApplicationUsingInvalidCredentials -->
        <test-method is-config="true" signature="teardown()[pri:0, instance:tests.Login@7e6f74c]" started-at="2025-02-01T19:49:13 IST" name="teardown" finished-at="2025-02-01T19:49:13 IST" duration-ms="267" status="PASS">
          <reporter-output>
          </reporter-output>
        </test-method> <!-- teardown -->
        <test-method is-config="true" signature="setup()[pri:0, instance:tests.Login@7e6f74c]" started-at="2025-02-01T19:49:13 IST" name="setup" finished-at="2025-02-01T19:49:21 IST" duration-ms="7520" status="PASS">
          <reporter-output>
          </reporter-output>
        </test-method> <!-- setup -->
        <test-method signature="verifyLoggingIntoApplicationUsingInvalidEmailAndValidPassword()[pri:3, instance:tests.Login@7e6f74c]" started-at="2025-02-01T19:49:21 IST" name="verifyLoggingIntoApplicationUsingInvalidEmailAndValidPassword" finished-at="2025-02-01T19:49:22 IST" duration-ms="1592" status="PASS">
          <reporter-output>
          </reporter-output>
        </test-method> <!-- verifyLoggingIntoApplicationUsingInvalidEmailAndValidPassword -->
        <test-method is-config="true" signature="teardown()[pri:0, instance:tests.Login@7e6f74c]" started-at="2025-02-01T19:49:22 IST" name="teardown" finished-at="2025-02-01T19:49:23 IST" duration-ms="226" status="PASS">
          <reporter-output>
          </reporter-output>
        </test-method> <!-- teardown -->
        <test-method is-config="true" signature="setup()[pri:0, instance:tests.Login@7e6f74c]" started-at="2025-02-01T19:49:23 IST" name="setup" finished-at="2025-02-01T19:49:27 IST" duration-ms="4197" status="PASS">
          <reporter-output>
          </reporter-output>
        </test-method> <!-- setup -->
        <test-method signature="verifyLoggingIntoApplicationUsingValidEmailAndValidPassword()[pri:4, instance:tests.Login@7e6f74c]" started-at="2025-02-01T19:49:27 IST" name="verifyLoggingIntoApplicationUsingValidEmailAndValidPassword" finished-at="2025-02-01T19:49:29 IST" duration-ms="1627" status="PASS">
          <reporter-output>
          </reporter-output>
        </test-method> <!-- verifyLoggingIntoApplicationUsingValidEmailAndValidPassword -->
        <test-method is-config="true" signature="teardown()[pri:0, instance:tests.Login@7e6f74c]" started-at="2025-02-01T19:49:29 IST" name="teardown" finished-at="2025-02-01T19:49:29 IST" duration-ms="285" status="PASS">
          <reporter-output>
          </reporter-output>
        </test-method> <!-- teardown -->
        <test-method is-config="true" signature="setup()[pri:0, instance:tests.Login@7e6f74c]" started-at="2025-02-01T19:49:29 IST" name="setup" finished-at="2025-02-01T19:49:33 IST" duration-ms="4312" status="PASS">
          <reporter-output>
          </reporter-output>
        </test-method> <!-- setup -->
        <test-method signature="verifyLoggingIntoApplicationWithoutEnteringCredentials()[pri:5, instance:tests.Login@7e6f74c]" started-at="2025-02-01T19:49:33 IST" name="verifyLoggingIntoApplicationWithoutEnteringCredentials" finished-at="2025-02-01T19:49:34 IST" duration-ms="877" status="FAIL">
          <exception class="java.lang.AssertionError">
            <message>
              <![CDATA[did not expect [Warning: No match for E-Mail Address and/or Password.] but found [Warning: No match for E-Mail Address and/or Password.]]]>
            </message>
            <full-stacktrace>
              <![CDATA[java.lang.AssertionError: did not expect [Warning: No match for E-Mail Address and/or Password.] but found [Warning: No match for E-Mail Address and/or Password.]
at org.testng.Assert.fail(Assert.java:111)
at org.testng.Assert.failEquals(Assert.java:1582)
at org.testng.Assert.assertNotEqualsImpl(Assert.java:157)
at org.testng.Assert.assertNotEquals(Assert.java:2201)
at org.testng.Assert.assertNotEquals(Assert.java:2223)
at tests.Login.verifyLoggingIntoApplicationWithoutEnteringCredentials(Login.java:94)
at java.base/jdk.internal.reflect.DirectMethodHandleAccessor.invoke(DirectMethodHandleAccessor.java:103)
at java.base/java.lang.reflect.Method.invoke(Method.java:580)
at org.testng.internal.invokers.MethodInvocationHelper.invokeMethod(MethodInvocationHelper.java:141)
at org.testng.internal.invokers.TestInvoker.invokeMethod(TestInvoker.java:686)
at org.testng.internal.invokers.TestInvoker.invokeTestMethod(TestInvoker.java:230)
at org.testng.internal.invokers.MethodRunner.runInSequence(MethodRunner.java:63)
at org.testng.internal.invokers.TestInvoker$MethodInvocationAgent.invoke(TestInvoker.java:992)
at org.testng.internal.invokers.TestInvoker.invokeTestMethods(TestInvoker.java:203)
at org.testng.internal.invokers.TestMethodWorker.invokeTestMethods(TestMethodWorker.java:154)
at org.testng.internal.invokers.TestMethodWorker.run(TestMethodWorker.java:134)
at java.base/java.util.ArrayList.forEach(ArrayList.java:1596)
at org.testng.TestRunner.privateRun(TestRunner.java:739)
at org.testng.TestRunner.run(TestRunner.java:614)
at org.testng.SuiteRunner.runTest(SuiteRunner.java:421)
at org.testng.SuiteRunner.runSequentially(SuiteRunner.java:413)
at org.testng.SuiteRunner.privateRun(SuiteRunner.java:373)
at org.testng.SuiteRunner.run(SuiteRunner.java:312)
at org.testng.SuiteRunnerWorker.runSuite(SuiteRunnerWorker.java:52)
at org.testng.SuiteRunnerWorker.run(SuiteRunnerWorker.java:95)
at org.testng.TestNG.runSuitesSequentially(TestNG.java:1274)
at org.testng.TestNG.runSuitesLocally(TestNG.java:1208)
at org.testng.TestNG.runSuites(TestNG.java:1112)
at org.testng.TestNG.run(TestNG.java:1079)
at org.testng.remote.AbstractRemoteTestNG.run(AbstractRemoteTestNG.java:115)
at org.testng.remote.RemoteTestNG.initAndRun(RemoteTestNG.java:293)
at org.testng.remote.RemoteTestNG.main(RemoteTestNG.java:91)
]]>
            </full-stacktrace>
          </exception> <!-- java.lang.AssertionError -->
          <reporter-output>
          </reporter-output>
        </test-method> <!-- verifyLoggingIntoApplicationWithoutEnteringCredentials -->
        <test-method is-config="true" signature="teardown()[pri:0, instance:tests.Login@7e6f74c]" started-at="2025-02-01T19:49:34 IST" name="teardown" finished-at="2025-02-01T19:49:35 IST" duration-ms="390" status="PASS">
          <reporter-output>
          </reporter-output>
        </test-method> <!-- teardown -->
      </class> <!-- tests.Login -->
      <class name="tests.Search">
        <test-method is-config="true" signature="setup()[pri:0, instance:tests.Search@dd05255]" started-at="2025-02-01T19:49:35 IST" name="setup" finished-at="2025-02-01T19:49:38 IST" duration-ms="3679" status="PASS">
          <reporter-output>
          </reporter-output>
        </test-method> <!-- setup -->
        <test-method signature="verifySearchingWithExistingProduct()[pri:1, instance:tests.Search@dd05255]" started-at="2025-02-01T19:49:38 IST" name="verifySearchingWithExistingProduct" finished-at="2025-02-01T19:49:40 IST" duration-ms="1249" status="PASS">
          <reporter-output>
          </reporter-output>
        </test-method> <!-- verifySearchingWithExistingProduct -->
        <test-method is-config="true" signature="teardown()[pri:0, instance:tests.Search@dd05255]" started-at="2025-02-01T19:49:40 IST" name="teardown" finished-at="2025-02-01T19:49:40 IST" duration-ms="276" status="PASS">
          <reporter-output>
          </reporter-output>
        </test-method> <!-- teardown -->
        <test-method is-config="true" signature="setup()[pri:0, instance:tests.Search@dd05255]" started-at="2025-02-01T19:49:40 IST" name="setup" finished-at="2025-02-01T19:49:42 IST" duration-ms="2173" status="PASS">
          <reporter-output>
          </reporter-output>
        </test-method> <!-- setup -->
        <test-method signature="verifySearchingWithNonExistingProductName()[pri:2, instance:tests.Search@dd05255]" started-at="2025-02-01T19:49:42 IST" name="verifySearchingWithNonExistingProductName" finished-at="2025-02-01T19:49:44 IST" duration-ms="2074" status="PASS">
          <reporter-output>
          </reporter-output>
        </test-method> <!-- verifySearchingWithNonExistingProductName -->
        <test-method is-config="true" signature="teardown()[pri:0, instance:tests.Search@dd05255]" started-at="2025-02-01T19:49:44 IST" name="teardown" finished-at="2025-02-01T19:49:44 IST" duration-ms="298" status="PASS">
          <reporter-output>
          </reporter-output>
        </test-method> <!-- teardown -->
        <test-method is-config="true" signature="setup()[pri:0, instance:tests.Search@dd05255]" started-at="2025-02-01T19:49:44 IST" name="setup" finished-at="2025-02-01T19:49:47 IST" duration-ms="3129" status="PASS">
          <reporter-output>
          </reporter-output>
        </test-method> <!-- setup -->
        <test-method signature="verifySearchingWithoutProvidingProductName()[pri:3, instance:tests.Search@dd05255]" started-at="2025-02-01T19:49:47 IST" name="verifySearchingWithoutProvidingProductName" finished-at="2025-02-01T19:49:48 IST" duration-ms="596" status="PASS">
          <reporter-output>
          </reporter-output>
        </test-method> <!-- verifySearchingWithoutProvidingProductName -->
        <test-method is-config="true" signature="teardown()[pri:0, instance:tests.Search@dd05255]" started-at="2025-02-01T19:49:48 IST" name="teardown" finished-at="2025-02-01T19:49:48 IST" duration-ms="271" status="PASS">
          <reporter-output>
          </reporter-output>
        </test-method> <!-- teardown -->
      </class> <!-- tests.Search -->
      <class name="tests.Register">
        <test-method is-config="true" signature="setup()[pri:0, instance:tests.Register@73a1e9a9]" started-at="2025-02-01T19:47:50 IST" name="setup" finished-at="2025-02-01T19:47:55 IST" duration-ms="5361" status="PASS">
          <reporter-output>
          </reporter-output>
        </test-method> <!-- setup -->
        <test-method signature="verifyRegisteringUsingMandatoryFields()[pri:1, instance:tests.Register@73a1e9a9]" started-at="2025-02-01T19:47:55 IST" name="verifyRegisteringUsingMandatoryFields" finished-at="2025-02-01T19:47:59 IST" duration-ms="4236" status="PASS">
          <reporter-output>
          </reporter-output>
        </test-method> <!-- verifyRegisteringUsingMandatoryFields -->
        <test-method is-config="true" signature="teardown()[pri:0, instance:tests.Register@73a1e9a9]" started-at="2025-02-01T19:47:59 IST" name="teardown" finished-at="2025-02-01T19:48:00 IST" duration-ms="321" status="PASS">
          <reporter-output>
          </reporter-output>
        </test-method> <!-- teardown -->
        <test-method is-config="true" signature="setup()[pri:0, instance:tests.Register@73a1e9a9]" started-at="2025-02-01T19:48:00 IST" name="setup" finished-at="2025-02-01T19:48:04 IST" duration-ms="4471" status="PASS">
          <reporter-output>
          </reporter-output>
        </test-method> <!-- setup -->
        <test-method signature="verifyRegisteringAccountUsingAllFields()[pri:2, instance:tests.Register@73a1e9a9]" started-at="2025-02-01T19:48:04 IST" name="verifyRegisteringAccountUsingAllFields" finished-at="2025-02-01T19:48:09 IST" duration-ms="4587" status="PASS">
          <reporter-output>
          </reporter-output>
        </test-method> <!-- verifyRegisteringAccountUsingAllFields -->
        <test-method is-config="true" signature="teardown()[pri:0, instance:tests.Register@73a1e9a9]" started-at="2025-02-01T19:48:09 IST" name="teardown" finished-at="2025-02-01T19:48:09 IST" duration-ms="304" status="PASS">
          <reporter-output>
          </reporter-output>
        </test-method> <!-- teardown -->
        <test-method is-config="true" signature="setup()[pri:0, instance:tests.Register@73a1e9a9]" started-at="2025-02-01T19:48:09 IST" name="setup" finished-at="2025-02-01T19:48:13 IST" duration-ms="4306" status="PASS">
          <reporter-output>
          </reporter-output>
        </test-method> <!-- setup -->
        <test-method signature="verifyRegisteringAccountBySelectingYesNewsletterOption()[pri:3, instance:tests.Register@73a1e9a9]" started-at="2025-02-01T19:48:13 IST" name="verifyRegisteringAccountBySelectingYesNewsletterOption" finished-at="2025-02-01T19:48:19 IST" duration-ms="5282" status="PASS">
          <reporter-output>
          </reporter-output>
        </test-method> <!-- verifyRegisteringAccountBySelectingYesNewsletterOption -->
        <test-method is-config="true" signature="teardown()[pri:0, instance:tests.Register@73a1e9a9]" started-at="2025-02-01T19:48:19 IST" name="teardown" finished-at="2025-02-01T19:48:19 IST" duration-ms="322" status="PASS">
          <reporter-output>
          </reporter-output>
        </test-method> <!-- teardown -->
        <test-method is-config="true" signature="setup()[pri:0, instance:tests.Register@73a1e9a9]" started-at="2025-02-01T19:48:19 IST" name="setup" finished-at="2025-02-01T19:48:23 IST" duration-ms="4381" status="PASS">
          <reporter-output>
          </reporter-output>
        </test-method> <!-- setup -->
        <test-method signature="verifyRegisteringAccountBySelectingNoNewsletterOption()[pri:4, instance:tests.Register@73a1e9a9]" started-at="2025-02-01T19:48:23 IST" name="verifyRegisteringAccountBySelectingNoNewsletterOption" finished-at="2025-02-01T19:48:29 IST" duration-ms="5599" status="PASS">
          <reporter-output>
          </reporter-output>
        </test-method> <!-- verifyRegisteringAccountBySelectingNoNewsletterOption -->
        <test-method is-config="true" signature="teardown()[pri:0, instance:tests.Register@73a1e9a9]" started-at="2025-02-01T19:48:29 IST" name="teardown" finished-at="2025-02-01T19:48:29 IST" duration-ms="275" status="PASS">
          <reporter-output>
          </reporter-output>
        </test-method> <!-- teardown -->
        <test-method is-config="true" signature="setup()[pri:0, instance:tests.Register@73a1e9a9]" started-at="2025-02-01T19:48:29 IST" name="setup" finished-at="2025-02-01T19:48:34 IST" duration-ms="4601" status="PASS">
          <reporter-output>
          </reporter-output>
        </test-method> <!-- setup -->
        <test-method signature="verifyPrivacyPolicySelectionStatusInRegisterAccountPage()[pri:5, instance:tests.Register@73a1e9a9]" started-at="2025-02-01T19:48:34 IST" name="verifyPrivacyPolicySelectionStatusInRegisterAccountPage" finished-at="2025-02-01T19:48:34 IST" duration-ms="90" status="PASS">
          <reporter-output>
          </reporter-output>
        </test-method> <!-- verifyPrivacyPolicySelectionStatusInRegisterAccountPage -->
        <test-method is-config="true" signature="teardown()[pri:0, instance:tests.Register@73a1e9a9]" started-at="2025-02-01T19:48:34 IST" name="teardown" finished-at="2025-02-01T19:48:34 IST" duration-ms="281" status="PASS">
          <reporter-output>
          </reporter-output>
        </test-method> <!-- teardown -->
      </class> <!-- tests.Register -->
    </test> <!-- Test -->
  </suite> <!-- Suite -->
</testng-results>
