<?xml version="1.0" encoding="UTF-8"?>
<testng-results ignored="0" total="1" passed="1" failed="0" skipped="0">
  <reporter-output>
  </reporter-output>
  <suite started-at="2025-01-25T21:02:57 IST" name="Default suite" finished-at="2025-01-25T21:03:06 IST" duration-ms="8604">
    <groups>
    </groups>
    <test started-at="2025-01-25T21:02:57 IST" name="Default test" finished-at="2025-01-25T21:03:06 IST" duration-ms="8604">
      <class name="tests.Register">
        <test-method is-config="true" signature="setup()[pri:0, instance:tests.Register@3349e9bb]" started-at="2025-01-25T21:02:57 IST" name="setup" finished-at="2025-01-25T21:03:02 IST" duration-ms="5138" status="PASS">
          <reporter-output>
          </reporter-output>
        </test-method> <!-- setup -->
        <test-method signature="verifyRegisteringAccountUsingAllFields()[pri:2, instance:tests.Register@3349e9bb]" started-at="2025-01-25T21:03:02 IST" name="verifyRegisteringAccountUsingAllFields" finished-at="2025-01-25T21:03:05 IST" duration-ms="3037" status="PASS">
          <reporter-output>
          </reporter-output>
        </test-method> <!-- verifyRegisteringAccountUsingAllFields -->
        <test-method is-config="true" signature="teardown()[pri:0, instance:tests.Register@3349e9bb]" started-at="2025-01-25T21:03:05 IST" name="teardown" finished-at="2025-01-25T21:03:06 IST" duration-ms="360" status="PASS">
          <reporter-output>
          </reporter-output>
        </test-method> <!-- teardown -->
      </class> <!-- tests.Register -->
    </test> <!-- Default test -->
  </suite> <!-- Default suite -->
</testng-results>
